Build started 3/9/2011 16:58:15.
     1>Project "C:\Users\Andra\documents\visual studio 2010\Projects\lab2-v2\lab2-v2\lab2-v2.vcxproj" on node 2 (build target(s)).
     1>InitializeBuildStatus:
         Creating "Debug\lab2-v2.unsuccessfulbuild" because "AlwaysCreate" was specified.
       ClCompile:
         C:\Program Files\Microsoft Visual Studio 10.0\VC\bin\CL.exe /c /ZI /nologo /W3 /WX- /Od /Oy- /D _MBCS /Gm /EHsc /RTC1 /MDd /GS /fp:precise /Zc:wchar_t /Zc:forScope /Fo"Debug\\" /Fd"Debug\vc100.pdb" /Gd /TP /analyze- /errorReport:prompt lab2main.cpp
         lab2main.cpp
     1>c:\users\andra\documents\visual studio 2010\projects\lab2-v2\lab2-v2\lab2main.cpp(16): warning C4996: 'getch': The POSIX name for this item is deprecated. Instead, use the ISO C++ conformant name: _getch. See online help for details.
                 c:\program files\microsoft visual studio 10.0\vc\include\conio.h(128) : see declaration of 'getch'
       Link:
         C:\Program Files\Microsoft Visual Studio 10.0\VC\bin\link.exe /ERRORREPORT:PROMPT /OUT:"C:\Users\Andra\documents\visual studio 2010\Projects\lab2-v2\Debug\lab2-v2.exe" /NOLOGO kernel32.lib user32.lib gdi32.lib winspool.lib comdlg32.lib advapi32.lib shell32.lib ole32.lib oleaut32.lib uuid.lib odbc32.lib odbccp32.lib /MANIFEST /ManifestFile:"Debug\lab2-v2.exe.intermediate.manifest" /MANIFESTUAC:"level='asInvoker' uiAccess='false'" /DEBUG /PDB:"C:\Users\Andra\documents\visual studio 2010\Projects\lab2-v2\Debug\lab2-v2.pdb" /TLBID:1 /DYNAMICBASE /NXCOMPAT /IMPLIB:"C:\Users\Andra\documents\visual studio 2010\Projects\lab2-v2\Debug\lab2-v2.lib" /MACHINE:X86 Debug\lab2.obj
         Debug\lab2main.obj
         LINK : C:\Users\Andra\documents\visual studio 2010\Projects\lab2-v2\Debug\lab2-v2.exe not found or not built by the last incremental link; performing full link
         lab2-v2.vcxproj -> C:\Users\Andra\documents\visual studio 2010\Projects\lab2-v2\Debug\lab2-v2.exe
       Manifest:
         C:\Program Files\Microsoft SDKs\Windows\v7.0A\bin\mt.exe /nologo /verbose /outputresource:"C:\Users\Andra\documents\visual studio 2010\Projects\lab2-v2\Debug\lab2-v2.exe;#1" /manifest "Debug\lab2-v2.exe.intermediate.manifest"
       FinalizeBuildStatus:
         Deleting file "Debug\lab2-v2.unsuccessfulbuild".
         Touching "Debug\lab2-v2.lastbuildstate".
     1>Done Building Project "C:\Users\Andra\documents\visual studio 2010\Projects\lab2-v2\lab2-v2\lab2-v2.vcxproj" (build target(s)).

Build succeeded.

Time Elapsed 00:00:02.54
