C:\USERS\ANDRA\DROPBOX\FACULTATE\SEMESTRUL 2\PROGRAMARE ORIENTATA OBIECT\LABURI OOP\LAB5\LAB5 PROBL3\LAB5\DEBUG\BAG.OBJ
C:\Users\Andra\Dropbox\facultate\Semestrul 2\Programare orientata obiect\laburi oop\lab5\lab5 probl3\lab5\Debug\cl.command.1.tlog
C:\Users\Andra\Dropbox\facultate\Semestrul 2\Programare orientata obiect\laburi oop\lab5\lab5 probl3\lab5\Debug\CL.read.1.tlog
C:\Users\Andra\Dropbox\facultate\Semestrul 2\Programare orientata obiect\laburi oop\lab5\lab5 probl3\lab5\Debug\CL.write.1.tlog
C:\Users\Andra\Dropbox\facultate\Semestrul 2\Programare orientata obiect\laburi oop\lab5\lab5 probl3\lab5\Debug\freq.obj
C:\USERS\ANDRA\DROPBOX\FACULTATE\SEMESTRUL 2\PROGRAMARE ORIENTATA OBIECT\LABURI OOP\LAB5\LAB5 PROBL3\LAB5\DEBUG\INTEGER.OBJ
C:\USERS\ANDRA\DROPBOX\FACULTATE\SEMESTRUL 2\PROGRAMARE ORIENTATA OBIECT\LABURI OOP\LAB5\LAB5 PROBL3\LAB5\DEBUG\LAB4.EXE
C:\USERS\ANDRA\DROPBOX\FACULTATE\SEMESTRUL 2\PROGRAMARE ORIENTATA OBIECT\LABURI OOP\LAB5\LAB5 PROBL3\LAB5\DEBUG\LAB4.EXE.INTERMEDIATE.MANIFEST
C:\USERS\ANDRA\DROPBOX\FACULTATE\SEMESTRUL 2\PROGRAMARE ORIENTATA OBIECT\LABURI OOP\LAB5\LAB5 PROBL3\LAB5\DEBUG\LAB4.ILK
C:\USERS\ANDRA\DROPBOX\FACULTATE\SEMESTRUL 2\PROGRAMARE ORIENTATA OBIECT\LABURI OOP\LAB5\LAB5 PROBL3\LAB5\DEBUG\LAB4.PDB
C:\Users\Andra\Dropbox\facultate\Semestrul 2\Programare orientata obiect\laburi oop\lab5\lab5 probl3\lab5\Debug\link.command.1.tlog
C:\Users\Andra\Dropbox\facultate\Semestrul 2\Programare orientata obiect\laburi oop\lab5\lab5 probl3\lab5\Debug\link.read.1.tlog
C:\Users\Andra\Dropbox\facultate\Semestrul 2\Programare orientata obiect\laburi oop\lab5\lab5 probl3\lab5\Debug\link.write.1.tlog
C:\USERS\ANDRA\DROPBOX\FACULTATE\SEMESTRUL 2\PROGRAMARE ORIENTATA OBIECT\LABURI OOP\LAB5\LAB5 PROBL3\LAB5\DEBUG\MAIN.OBJ
C:\Users\Andra\Dropbox\facultate\Semestrul 2\Programare orientata obiect\laburi oop\lab5\lab5 probl3\lab5\Debug\mt.command.1.tlog
C:\Users\Andra\Dropbox\facultate\Semestrul 2\Programare orientata obiect\laburi oop\lab5\lab5 probl3\lab5\Debug\mt.read.1.tlog
C:\Users\Andra\Dropbox\facultate\Semestrul 2\Programare orientata obiect\laburi oop\lab5\lab5 probl3\lab5\Debug\mt.write.1.tlog
C:\Users\Andra\Dropbox\facultate\Semestrul 2\Programare orientata obiect\laburi oop\lab5\lab5 probl3\lab5\Debug\Set.obj
C:\USERS\ANDRA\DROPBOX\FACULTATE\SEMESTRUL 2\PROGRAMARE ORIENTATA OBIECT\LABURI OOP\LAB5\LAB5 PROBL3\LAB5\DEBUG\TELEM.OBJ
C:\Users\Andra\Dropbox\facultate\Semestrul 2\Programare orientata obiect\laburi oop\lab5\lab5 probl3\lab5\Debug\vc100.idb
C:\USERS\ANDRA\DROPBOX\FACULTATE\SEMESTRUL 2\PROGRAMARE ORIENTATA OBIECT\LABURI OOP\LAB5\LAB5 PROBL3\LAB5\DEBUG\VC100.PDB
C:\Users\Andra\Dropbox\facultate\Semestrul 2\Programare orientata obiect\laburi oop\lab5\lab5 probl3\lab5\Debug\vc90.idb
C:\Users\Andra\Dropbox\facultate\Semestrul 2\Programare orientata obiect\laburi oop\lab5\lab5 probl3\lab5\Debug\vc90.pdb
C:\USERS\ANDRA\DROPBOX\FACULTATE\SEMESTRUL 2\PROGRAMARE ORIENTATA OBIECT\LABURI OOP\LAB5\LAB5 PROBL3\LAB5\DEBUG\WORDS.OBJ
