Build started 4/19/2011 23:14:03.
     1>Project "C:\Users\Andra\Dropbox\facultate\Semestrul 2\Programare orientata obiect\laburi oop\lab5\lab5 probl3\lab5\lab5.vcxproj" on node 2 (build target(s)).
     1>InitializeBuildStatus:
         Creating "Debug\lab4.unsuccessfulbuild" because "AlwaysCreate" was specified.
       ClCompile:
         C:\Program Files\Microsoft Visual Studio 10.0\VC\bin\CL.exe /c /ZI /nologo /W3 /WX- /Od /Oy- /D _MBCS /Gm /EHsc /RTC1 /MDd /GS /fp:precise /Zc:wchar_t /Zc:forScope /Fo"Debug\\" /Fd"Debug\vc100.pdb" /Gd /TP /analyze- /errorReport:prompt Telem.cpp main.cpp words.cpp Bag.cpp integer.cpp
         integer.cpp
         Bag.cpp
         words.cpp
     1>c:\users\andra\dropbox\facultate\semestrul 2\programare orientata obiect\laburi oop\lab5\lab5 probl3\lab5\words.cpp(36): warning C4996: 'strcpy': This function or variable may be unsafe. Consider using strcpy_s instead. To disable deprecation, use _CRT_SECURE_NO_WARNINGS. See online help for details.
                 c:\program files\microsoft visual studio 10.0\vc\include\string.h(105) : see declaration of 'strcpy'
     1>c:\users\andra\dropbox\facultate\semestrul 2\programare orientata obiect\laburi oop\lab5\lab5 probl3\lab5\words.cpp(38): warning C4996: 'strcpy': This function or variable may be unsafe. Consider using strcpy_s instead. To disable deprecation, use _CRT_SECURE_NO_WARNINGS. See online help for details.
                 c:\program files\microsoft visual studio 10.0\vc\include\string.h(105) : see declaration of 'strcpy'
         main.cpp
         Telem.cpp
         Generating Code...
       Link:
         C:\Program Files\Microsoft Visual Studio 10.0\VC\bin\link.exe /ERRORREPORT:PROMPT /OUT:"C:\Users\Andra\Dropbox\facultate\Semestrul 2\Programare orientata obiect\laburi oop\lab5\lab5 probl3\lab5\Debug\lab4.exe" /NOLOGO kernel32.lib user32.lib gdi32.lib winspool.lib comdlg32.lib advapi32.lib shell32.lib ole32.lib oleaut32.lib uuid.lib odbc32.lib odbccp32.lib /MANIFEST /ManifestFile:"Debug\lab4.exe.intermediate.manifest" /MANIFESTUAC:"level='asInvoker' uiAccess='false'" /DEBUG /PDB:"C:\Users\Andra\Dropbox\facultate\Semestrul 2\Programare orientata obiect\laburi oop\lab5\lab5 probl3\lab5\Debug\lab4.pdb" /TLBID:1 /DYNAMICBASE /NXCOMPAT /IMPLIB:"C:\Users\Andra\Dropbox\facultate\Semestrul 2\Programare orientata obiect\laburi oop\lab5\lab5 probl3\lab5\Debug\lab4.lib" /MACHINE:X86 Debug\Telem.obj
         Debug\main.obj
         Debug\words.obj
         Debug\Bag.obj
         Debug\integer.obj
         lab5.vcxproj -> C:\Users\Andra\Dropbox\facultate\Semestrul 2\Programare orientata obiect\laburi oop\lab5\lab5 probl3\lab5\Debug\lab4.exe
       Manifest:
         C:\Program Files\Microsoft SDKs\Windows\v7.0A\bin\mt.exe /nologo /verbose /outputresource:"C:\Users\Andra\Dropbox\facultate\Semestrul 2\Programare orientata obiect\laburi oop\lab5\lab5 probl3\lab5\Debug\lab4.exe;#1" /manifest Debug\lab4.exe.intermediate.manifest
       FinalizeBuildStatus:
         Deleting file "Debug\lab4.unsuccessfulbuild".
         Touching "Debug\lab4.lastbuildstate".
     1>Done Building Project "C:\Users\Andra\Dropbox\facultate\Semestrul 2\Programare orientata obiect\laburi oop\lab5\lab5 probl3\lab5\lab5.vcxproj" (build target(s)).

Build succeeded.

Time Elapsed 00:00:06.36
