C:\USERS\ALEX\DOCUMENTS\VISUAL STUDIO 2010\PROJECTS\SDA2\DEBUG\SDA2.EXE
C:\USERS\ALEX\DOCUMENTS\VISUAL STUDIO 2010\PROJECTS\SDA2\DEBUG\SDA2.ILK
C:\USERS\ALEX\DOCUMENTS\VISUAL STUDIO 2010\PROJECTS\SDA2\DEBUG\SDA2.PDB
C:\Users\Alex\Documents\Visual Studio 2010\Projects\SDA2\SDA2\Debug\cl.command.1.tlog
C:\Users\Alex\Documents\Visual Studio 2010\Projects\SDA2\SDA2\Debug\CL.read.1.tlog
C:\Users\Alex\Documents\Visual Studio 2010\Projects\SDA2\SDA2\Debug\CL.write.1.tlog
C:\USERS\ALEX\DOCUMENTS\VISUAL STUDIO 2010\PROJECTS\SDA2\SDA2\DEBUG\CONTROLLER.OBJ
C:\USERS\ALEX\DOCUMENTS\VISUAL STUDIO 2010\PROJECTS\SDA2\SDA2\DEBUG\ITERATOR.OBJ
C:\Users\Alex\Documents\Visual Studio 2010\Projects\SDA2\SDA2\Debug\link.4904.read.1.tlog
C:\Users\Alex\Documents\Visual Studio 2010\Projects\SDA2\SDA2\Debug\link.4904.write.1.tlog
C:\Users\Alex\Documents\Visual Studio 2010\Projects\SDA2\SDA2\Debug\link.4904-cvtres.read.1.tlog
C:\Users\Alex\Documents\Visual Studio 2010\Projects\SDA2\SDA2\Debug\link.4904-cvtres.write.1.tlog
C:\Users\Alex\Documents\Visual Studio 2010\Projects\SDA2\SDA2\Debug\link.5156.read.1.tlog
C:\Users\Alex\Documents\Visual Studio 2010\Projects\SDA2\SDA2\Debug\link.5156.write.1.tlog
C:\Users\Alex\Documents\Visual Studio 2010\Projects\SDA2\SDA2\Debug\link.5156-cvtres.read.1.tlog
C:\Users\Alex\Documents\Visual Studio 2010\Projects\SDA2\SDA2\Debug\link.5156-cvtres.write.1.tlog
C:\Users\Alex\Documents\Visual Studio 2010\Projects\SDA2\SDA2\Debug\link.command.1.tlog
C:\Users\Alex\Documents\Visual Studio 2010\Projects\SDA2\SDA2\Debug\link.read.1.tlog
C:\Users\Alex\Documents\Visual Studio 2010\Projects\SDA2\SDA2\Debug\link.write.1.tlog
C:\Users\Alex\Documents\Visual Studio 2010\Projects\SDA2\SDA2\Debug\link-cvtres.read.1.tlog
C:\Users\Alex\Documents\Visual Studio 2010\Projects\SDA2\SDA2\Debug\link-cvtres.write.1.tlog
C:\Users\Alex\Documents\Visual Studio 2010\Projects\SDA2\SDA2\Debug\mt.command.1.tlog
C:\Users\Alex\Documents\Visual Studio 2010\Projects\SDA2\SDA2\Debug\mt.read.1.tlog
C:\Users\Alex\Documents\Visual Studio 2010\Projects\SDA2\SDA2\Debug\mt.write.1.tlog
C:\USERS\ALEX\DOCUMENTS\VISUAL STUDIO 2010\PROJECTS\SDA2\SDA2\DEBUG\MULTIME.OBJ
C:\Users\Alex\Documents\Visual Studio 2010\Projects\SDA2\SDA2\Debug\rc.command.1.tlog
C:\Users\Alex\Documents\Visual Studio 2010\Projects\SDA2\SDA2\Debug\rc.read.1.tlog
C:\Users\Alex\Documents\Visual Studio 2010\Projects\SDA2\SDA2\Debug\rc.write.1.tlog
C:\USERS\ALEX\DOCUMENTS\VISUAL STUDIO 2010\PROJECTS\SDA2\SDA2\DEBUG\SDA2.EXE.EMBED.MANIFEST
C:\USERS\ALEX\DOCUMENTS\VISUAL STUDIO 2010\PROJECTS\SDA2\SDA2\DEBUG\SDA2.EXE.EMBED.MANIFEST.RES
C:\USERS\ALEX\DOCUMENTS\VISUAL STUDIO 2010\PROJECTS\SDA2\SDA2\DEBUG\SDA2.EXE.INTERMEDIATE.MANIFEST
C:\USERS\ALEX\DOCUMENTS\VISUAL STUDIO 2010\PROJECTS\SDA2\SDA2\DEBUG\SDA2.OBJ
C:\USERS\ALEX\DOCUMENTS\VISUAL STUDIO 2010\PROJECTS\SDA2\SDA2\DEBUG\SDA2.PCH
C:\Users\Alex\Documents\Visual Studio 2010\Projects\SDA2\SDA2\Debug\SDA2.vcxprojResolveAssemblyReference.cache
C:\Users\Alex\Documents\Visual Studio 2010\Projects\SDA2\SDA2\Debug\SDA2.write.1.tlog
C:\Users\Alex\Documents\Visual Studio 2010\Projects\SDA2\SDA2\Debug\SDA2_manifest.rc
C:\USERS\ALEX\DOCUMENTS\VISUAL STUDIO 2010\PROJECTS\SDA2\SDA2\DEBUG\STDAFX.OBJ
C:\USERS\ALEX\DOCUMENTS\VISUAL STUDIO 2010\PROJECTS\SDA2\SDA2\DEBUG\TELEMENT.OBJ
C:\USERS\ALEX\DOCUMENTS\VISUAL STUDIO 2010\PROJECTS\SDA2\SDA2\DEBUG\UI.OBJ
C:\Users\Alex\Documents\Visual Studio 2010\Projects\SDA2\SDA2\Debug\vc100.idb
C:\USERS\ALEX\DOCUMENTS\VISUAL STUDIO 2010\PROJECTS\SDA2\SDA2\DEBUG\VC100.PDB
