Build started 5/27/2015 17:28:26.
     1>Project "C:\Users\Iulian\Desktop\dynamic4\menu\menu.vcxproj" on node 2 (build target(s)).
     1>InitializeBuildStatus:
         Creating "Debug\menu.unsuccessfulbuild" because "AlwaysCreate" was specified.
       ClCompile:
         All outputs are up-to-date.
         C:\Program Files (x86)\Microsoft Visual Studio 10.0\VC\bin\CL.exe /c /ZI /nologo /W3 /WX- /Od /Oy- /D WIN32 /D _DEBUG /D _CONSOLE /D _UNICODE /D UNICODE /Gm /EHsc /RTC1 /MDd /GS /fp:precise /Zc:wchar_t /Zc:forScope /Yu"StdAfx.h" /Fp"Debug\menu.pch" /Fo"Debug\\" /Fd"Debug\vc100.pdb" /Gd /TP /analyze- /errorReport:prompt MenuClass.cpp
         MenuClass.cpp
     1>c:\users\iulian\desktop\dynamic4\menu\menuclass.cpp(38): warning C4244: '=' : conversion from 'double' to 'float', possible loss of data
     1>c:\users\iulian\desktop\dynamic4\menu\menuclass.cpp(69): warning C4244: '=' : conversion from 'double' to 'float', possible loss of data
     1>c:\users\iulian\desktop\dynamic4\menu\menuclass.cpp(99): warning C4244: 'argument' : conversion from 'int' to 'float', possible loss of data
     1>c:\users\iulian\desktop\dynamic4\menu\menuclass.cpp(102): warning C4244: 'argument' : conversion from 'int' to 'float', possible loss of data
       Link:
         C:\Program Files (x86)\Microsoft Visual Studio 10.0\VC\bin\link.exe /ERRORREPORT:PROMPT /OUT:"C:\Users\Iulian\Desktop\dynamic4\Debug\menu.exe" /INCREMENTAL:NO /NOLOGO kernel32.lib user32.lib gdi32.lib winspool.lib comdlg32.lib advapi32.lib shell32.lib ole32.lib oleaut32.lib uuid.lib odbc32.lib odbccp32.lib /MANIFEST /ManifestFile:"Debug\menu.exe.intermediate.manifest" /MANIFESTUAC:"level='asInvoker' uiAccess='false'" /DEBUG /PDB:"C:\Users\Iulian\Desktop\dynamic4\Debug\menu.pdb" /SUBSYSTEM:CONSOLE /TLBID:1 /DYNAMICBASE /NXCOMPAT /IMPLIB:"C:\Users\Iulian\Desktop\dynamic4\Debug\menu.lib" /MACHINE:X86 Debug\ControllerClass.obj
         Debug\DomainClass.obj
         Debug\DynamicList.obj
         Debug\Except.obj
         Debug\menu.obj
         Debug\MenuClass.obj
         Debug\RepositoryClass.obj
         Debug\stdafx.obj
         Debug\ValidatorClass.obj
     1>ControllerClass.obj : warning LNK4075: ignoring '/EDITANDCONTINUE' due to '/INCREMENTAL:NO' specification
         menu.vcxproj -> C:\Users\Iulian\Desktop\dynamic4\Debug\menu.exe
       Manifest:
         C:\Program Files (x86)\Microsoft SDKs\Windows\v7.0A\bin\mt.exe /nologo /verbose /outputresource:"C:\Users\Iulian\Desktop\dynamic4\Debug\menu.exe;#1" /manifest Debug\menu.exe.intermediate.manifest
       FinalizeBuildStatus:
         Deleting file "Debug\menu.unsuccessfulbuild".
         Touching "Debug\menu.lastbuildstate".
     1>Done Building Project "C:\Users\Iulian\Desktop\dynamic4\menu\menu.vcxproj" (build target(s)).

Build succeeded.

Time Elapsed 00:00:01.41
