Build started 5/24/2015 23:40:52.
     1>Project "c:\Users\Iulian\documents\visual studio 2010\Projects\SDA\SDA\SDA.vcxproj" on node 2 (build target(s)).
     1>InitializeBuildStatus:
         Creating "Debug\SDA.unsuccessfulbuild" because "AlwaysCreate" was specified.
       ClCompile:
         All outputs are up-to-date.
         C:\Program Files (x86)\Microsoft Visual Studio 10.0\VC\bin\CL.exe /c /ZI /nologo /W3 /WX- /Od /Oy- /D WIN32 /D _DEBUG /D _CONSOLE /D _UNICODE /D UNICODE /Gm /EHsc /RTC1 /MDd /GS /fp:precise /Zc:wchar_t /Zc:forScope /Yu"StdAfx.h" /Fp"Debug\SDA.pch" /Fo"Debug\\" /Fd"Debug\vc100.pdb" /Gd /TP /analyze- /errorReport:prompt Iterator.cpp Lista.cpp MatriceRara.cpp SDA.cpp Ui.cpp
         Lista.cpp
         Iterator.cpp
         Generating Code...
         Skipping... (no relevant changes detected)
         Ui.cpp
         SDA.cpp
         MatriceRara.cpp
       ManifestResourceCompile:
         All outputs are up-to-date.
       Link:
         C:\Program Files (x86)\Microsoft Visual Studio 10.0\VC\bin\link.exe /ERRORREPORT:PROMPT /OUT:"c:\users\iulian\documents\visual studio 2010\Projects\SDA\Debug\SDA.exe" /INCREMENTAL /NOLOGO kernel32.lib user32.lib gdi32.lib winspool.lib comdlg32.lib advapi32.lib shell32.lib ole32.lib oleaut32.lib uuid.lib odbc32.lib odbccp32.lib /MANIFEST /ManifestFile:"Debug\SDA.exe.intermediate.manifest" /MANIFESTUAC:"level='asInvoker' uiAccess='false'" /DEBUG /PDB:"c:\users\iulian\documents\visual studio 2010\Projects\SDA\Debug\SDA.pdb" /SUBSYSTEM:CONSOLE /TLBID:1 /DYNAMICBASE /NXCOMPAT /IMPLIB:"c:\users\iulian\documents\visual studio 2010\Projects\SDA\Debug\SDA.lib" /MACHINE:X86 Debug\SDA.exe.embed.manifest.res
         Debug\Iterator.obj
         Debug\Lista.obj
         Debug\MatriceRara.obj
         Debug\SDA.obj
         Debug\stdafx.obj
         Debug\TElement.obj
         Debug\Ui.obj
       Manifest:
         C:\Program Files (x86)\Microsoft SDKs\Windows\v7.0A\bin\mt.exe /nologo /verbose /out:"Debug\SDA.exe.embed.manifest" /manifest Debug\SDA.exe.intermediate.manifest
         All outputs are up-to-date.
       LinkEmbedManifest:
         All outputs are up-to-date.
         SDA.vcxproj -> c:\users\iulian\documents\visual studio 2010\Projects\SDA\Debug\SDA.exe
       FinalizeBuildStatus:
         Deleting file "Debug\SDA.unsuccessfulbuild".
         Touching "Debug\SDA.lastbuildstate".
     1>Done Building Project "c:\Users\Iulian\documents\visual studio 2010\Projects\SDA\SDA\SDA.vcxproj" (build target(s)).

Build succeeded.

Time Elapsed 00:00:01.82
